app/build/intermediates/manifest_merge_blame_file/debug/manifest-merger-blame-debug-report.txt
1<?xml version="1.0" encoding="utf-8"?>
2<manifest xmlns:android="http://schemas.android.com/apk/res/android"
3    package="br.com.southsystem.hackatona2019"
4    android:versionCode="1"
5    android:versionName="1.0" >
6
7    <uses-sdk
8        android:minSdkVersion="16"
8-->src\main\AndroidManifest.xml
9        android:targetSdkVersion="29" />
9-->src\main\AndroidManifest.xml
10    <!--
11         The ACCESS_COARSE/FINE_LOCATION permissions are not required to use
12         Google Maps Android API v2, but you must specify either coarse or fine
13         location permissions for the 'MyLocation' functionality.
14    -->
15    <uses-permission android:name="android.permission.ACCESS_FINE_LOCATION" />
15-->src\main\AndroidManifest.xml:9:5-79
15-->src\main\AndroidManifest.xml:9:22-76
16    <uses-permission android:name="android.permission.WRITE_EXTERNAL_STORAGE" />
16-->src\main\AndroidManifest.xml:10:5-81
16-->src\main\AndroidManifest.xml:10:22-78
17    <uses-permission android:name="android.permission.READ_EXTERNAL_STORAGE" />
17-->src\main\AndroidManifest.xml:11:5-80
17-->src\main\AndroidManifest.xml:11:22-77
18    <uses-permission android:name="android.permission.INTERNET" />
18-->src\main\AndroidManifest.xml:12:5-67
18-->src\main\AndroidManifest.xml:12:22-64
19    <uses-permission android:name="android.permission.ACCESS_NETWORK_STATE" />
19-->src\main\AndroidManifest.xml:13:5-79
19-->src\main\AndroidManifest.xml:13:22-76
20
21    <uses-feature
21-->[com.google.android.gms:play-services-maps:16.1.0] AndroidManifest.xml:26:5-28:35
22        android:glEsVersion="0x00020000"
22-->[com.google.android.gms:play-services-maps:16.1.0] AndroidManifest.xml:27:9-41
23        android:required="true" />
23-->[com.google.android.gms:play-services-maps:16.1.0] AndroidManifest.xml:28:9-32
24
25    <application
25-->src\main\AndroidManifest.xml:15:5-45:19
26        android:allowBackup="true"
26-->src\main\AndroidManifest.xml:16:9-35
27        android:appComponentFactory="androidx.core.app.CoreComponentFactory"
27-->[androidx.core:core:1.1.0-alpha05] AndroidManifest.xml:22:18-86
28        android:debuggable="true"
29        android:icon="@mipmap/ic_launcher"
29-->src\main\AndroidManifest.xml:17:9-43
30        android:label="@string/app_name"
30-->src\main\AndroidManifest.xml:18:9-41
31        android:roundIcon="@mipmap/ic_launcher_round"
31-->src\main\AndroidManifest.xml:19:9-54
32        android:supportsRtl="true"
32-->src\main\AndroidManifest.xml:20:9-35
33        android:testOnly="true"
34        android:theme="@style/Theme.AppCompat.Light.NoActionBar" >
34-->src\main\AndroidManifest.xml:21:9-65
35        <activity android:name="br.com.southsystem.hackatona2019.ComentarioActivity" />
35-->src\main\AndroidManifest.xml:22:9-56
35-->src\main\AndroidManifest.xml:22:19-53
36        <activity android:name="br.com.southsystem.hackatona2019.HistoricoActivity" />
36-->src\main\AndroidManifest.xml:23:9-55
36-->src\main\AndroidManifest.xml:23:19-52
37        <activity android:name="br.com.southsystem.hackatona2019.RecursosActivity" />
37-->src\main\AndroidManifest.xml:24:9-54
37-->src\main\AndroidManifest.xml:24:19-51
38        <activity android:name="br.com.southsystem.hackatona2019.DadosActivity" />
38-->src\main\AndroidManifest.xml:25:9-51
38-->src\main\AndroidManifest.xml:25:19-48
39        <activity android:name="br.com.southsystem.hackatona2019.DadosLocalidadeActivity" />
39-->src\main\AndroidManifest.xml:26:9-61
39-->src\main\AndroidManifest.xml:26:19-58
40        <activity android:name="br.com.southsystem.hackatona2019.MainActivity" >
40-->src\main\AndroidManifest.xml:27:9-33:20
40-->src\main\AndroidManifest.xml:27:19-47
41            <intent-filter>
41-->src\main\AndroidManifest.xml:28:13-32:29
42                <action android:name="android.intent.action.MAIN" />
42-->src\main\AndroidManifest.xml:29:17-69
42-->src\main\AndroidManifest.xml:29:25-66
43
44                <category android:name="android.intent.category.LAUNCHER" />
44-->src\main\AndroidManifest.xml:31:17-77
44-->src\main\AndroidManifest.xml:31:27-74
45            </intent-filter>
46        </activity>
47        <!--
48             The API key for Google Maps-based APIs is defined as a string resource.
49             (See the file "res/values/google_maps_api.xml").
50             Note that the API key is linked to the encryption key used to sign the APK.
51             You need a different API key for each encryption key, including the release key that is used to
52             sign the APK for publishing.
53             You can define the keys for the debug and release targets in src/debug/ and src/release/.
54        -->
55        <meta-data
55-->src\main\AndroidManifest.xml:42:9-44:55
56            android:name="com.google.android.geo.API_KEY"
56-->src\main\AndroidManifest.xml:43:13-58
57            android:value="@string/google_maps_key" />
57-->src\main\AndroidManifest.xml:44:13-52
58        <!-- Needs to be explicitly declared on P+ -->
59        <uses-library
59-->[com.google.android.gms:play-services-maps:16.1.0] AndroidManifest.xml:33:9-35:40
60            android:name="org.apache.http.legacy"
60-->[com.google.android.gms:play-services-maps:16.1.0] AndroidManifest.xml:34:13-50
61            android:required="false" />
61-->[com.google.android.gms:play-services-maps:16.1.0] AndroidManifest.xml:35:13-37
62
63        <provider
63-->[androidx.lifecycle:lifecycle-process:2.0.0] AndroidManifest.xml:23:9-27:43
64            android:name="androidx.lifecycle.ProcessLifecycleOwnerInitializer"
64-->[androidx.lifecycle:lifecycle-process:2.0.0] AndroidManifest.xml:24:13-79
65            android:authorities="br.com.southsystem.hackatona2019.lifecycle-process"
65-->[androidx.lifecycle:lifecycle-process:2.0.0] AndroidManifest.xml:25:13-69
66            android:exported="false"
66-->[androidx.lifecycle:lifecycle-process:2.0.0] AndroidManifest.xml:26:13-37
67            android:multiprocess="true" />
67-->[androidx.lifecycle:lifecycle-process:2.0.0] AndroidManifest.xml:27:13-40
68
69        <activity
69-->[com.google.android.gms:play-services-base:16.0.1] AndroidManifest.xml:23:9-26:75
70            android:name="com.google.android.gms.common.api.GoogleApiActivity"
70-->[com.google.android.gms:play-services-base:16.0.1] AndroidManifest.xml:24:13-79
71            android:exported="false"
71-->[com.google.android.gms:play-services-base:16.0.1] AndroidManifest.xml:25:13-37
72            android:theme="@android:style/Theme.Translucent.NoTitleBar" />
72-->[com.google.android.gms:play-services-base:16.0.1] AndroidManifest.xml:26:13-72
73
74        <meta-data
74-->[com.google.android.gms:play-services-basement:16.0.1] AndroidManifest.xml:23:9-25:69
75            android:name="com.google.android.gms.version"
75-->[com.google.android.gms:play-services-basement:16.0.1] AndroidManifest.xml:24:13-58
76            android:value="@integer/google_play_services_version" />
76-->[com.google.android.gms:play-services-basement:16.0.1] AndroidManifest.xml:25:13-66
77    </application>
78
79</manifest>